  [1m[35mSQL (0.2ms)[0m  [1m[35mSET search_path TO public /*application='IdTool'*/[0m
  [1m[35m (38.3ms)[0m  [1m[35mCREATE DATABASE "id_tool_development" ENCODING = 'unicode' /*application='IdTool'*/[0m
  [1m[35mSQL (0.1ms)[0m  [1m[35mSET search_path TO public /*application='IdTool'*/[0m
  [1m[35m (49.0ms)[0m  [1m[35mCREATE DATABASE "id_tool_test" ENCODING = 'unicode' /*application='IdTool'*/[0m
  [1m[35m (5.2ms)[0m  [1m[35mCREATE TABLE "schema_migrations" ("version" character varying NOT NULL PRIMARY KEY) /*application='IdTool'*/[0m
  [1m[35m (3.7ms)[0m  [1m[35mCREATE TABLE "ar_internal_metadata" ("key" character varying NOT NULL PRIMARY KEY, "value" character varying, "created_at" timestamp(6) NOT NULL, "updated_at" timestamp(6) NOT NULL) /*application='IdTool'*/[0m
  [1m[35m (0.1ms)[0m  [1m[34mSELECT pg_try_advisory_lock(6388366487330033745) /*application='IdTool'*/[0m
  [1m[36mActiveRecord::SchemaMigration Load (0.4ms)[0m  [1m[34mSELECT "schema_migrations"."version" FROM "schema_migrations" ORDER BY "schema_migrations"."version" ASC /*application='IdTool'*/[0m
  [1m[36mActiveRecord::InternalMetadata Load (0.4ms)[0m  [1m[34mSELECT * FROM "ar_internal_metadata" WHERE "ar_internal_metadata"."key" = 'environment' ORDER BY "ar_internal_metadata"."key" ASC LIMIT 1 /*application='IdTool'*/[0m
  [1m[36mActiveRecord::InternalMetadata Create (1.0ms)[0m  [1m[32mINSERT INTO "ar_internal_metadata" ("key", "value", "created_at", "updated_at") VALUES ('environment', 'development', '2025-09-10 03:36:04.218604', '2025-09-10 03:36:04.218606') RETURNING "key" /*application='IdTool'*/[0m
  [1m[35m (0.2ms)[0m  [1m[34mSELECT pg_advisory_unlock(6388366487330033745) /*application='IdTool'*/[0m
  [1m[36mActiveRecord::SchemaMigration Load (0.1ms)[0m  [1m[34mSELECT "schema_migrations"."version" FROM "schema_migrations" ORDER BY "schema_migrations"."version" ASC /*application='IdTool'*/[0m
Started GET "/" for ::1 at 2025-09-09 20:37:09 -0700
  [1m[36mActiveRecord::SchemaMigration Load (0.6ms)[0m  [1m[34mSELECT "schema_migrations"."version" FROM "schema_migrations" ORDER BY "schema_migrations"."version" ASC /*application='IdTool'*/[0m
Processing by Rails::WelcomeController#index as HTML
  Rendering /home/gsimp72/.local/share/mise/installs/ruby/3.4.5/lib/ruby/gems/3.4.0/gems/railties-8.0.2.1/lib/rails/templates/rails/welcome/index.html.erb
  Rendered /home/gsimp72/.local/share/mise/installs/ruby/3.4.5/lib/ruby/gems/3.4.0/gems/railties-8.0.2.1/lib/rails/templates/rails/welcome/index.html.erb (Duration: 0.7ms | GC: 0.0ms)
Completed 200 OK in 27ms (Views: 6.7ms | ActiveRecord: 0.0ms (0 queries, 0 cached) | GC: 0.0ms)


  [1m[35m (0.4ms)[0m  [1m[34mSELECT pg_try_advisory_lock(6388366487330033745) /*application='IdTool'*/[0m
  [1m[36mActiveRecord::SchemaMigration Load (0.5ms)[0m  [1m[34mSELECT "schema_migrations"."version" FROM "schema_migrations" ORDER BY "schema_migrations"."version" ASC /*application='IdTool'*/[0m
  [1m[36mActiveRecord::InternalMetadata Load (0.6ms)[0m  [1m[34mSELECT * FROM "ar_internal_metadata" WHERE "ar_internal_metadata"."key" = 'environment' ORDER BY "ar_internal_metadata"."key" ASC LIMIT 1 /*application='IdTool'*/[0m
Migrating to CreateCourses (20250910035115)
  [1m[36mTRANSACTION (0.1ms)[0m  [1m[35mBEGIN /*application='IdTool'*/[0m
  [1m[35m (6.6ms)[0m  [1m[35mCREATE TABLE "courses" ("id" bigserial primary key, "title" character varying, "description" text, "status" integer, "created_at" timestamp(6) NOT NULL, "updated_at" timestamp(6) NOT NULL) /*application='IdTool'*/[0m
  [1m[36mActiveRecord::SchemaMigration Create (0.4ms)[0m  [1m[32mINSERT INTO "schema_migrations" ("version") VALUES ('20250910035115') RETURNING "version" /*application='IdTool'*/[0m
  [1m[36mTRANSACTION (1.0ms)[0m  [1m[35mCOMMIT /*application='IdTool'*/[0m
Migrating to CreateLessons (20250910035122)
  [1m[36mTRANSACTION (0.1ms)[0m  [1m[35mBEGIN /*application='IdTool'*/[0m
  [1m[35m (6.2ms)[0m  [1m[35mCREATE TABLE "lessons" ("id" bigserial primary key, "course_id" bigint NOT NULL, "title" character varying, "lesson_type" integer, "position" integer, "created_at" timestamp(6) NOT NULL, "updated_at" timestamp(6) NOT NULL, CONSTRAINT "fk_rails_4bcdb571d9"
FOREIGN KEY ("course_id")
  REFERENCES "courses" ("id")
) /*application='IdTool'*/[0m
  [1m[35m (2.9ms)[0m  [1m[35mCREATE INDEX "index_lessons_on_course_id" ON "lessons" ("course_id") /*application='IdTool'*/[0m
  [1m[36mActiveRecord::SchemaMigration Create (0.5ms)[0m  [1m[32mINSERT INTO "schema_migrations" ("version") VALUES ('20250910035122') RETURNING "version" /*application='IdTool'*/[0m
  [1m[36mTRANSACTION (2.0ms)[0m  [1m[35mCOMMIT /*application='IdTool'*/[0m
Migrating to CreateContentBlocks (20250910035132)
  [1m[36mTRANSACTION (0.3ms)[0m  [1m[35mBEGIN /*application='IdTool'*/[0m
  [1m[35m (8.8ms)[0m  [1m[35mCREATE TABLE "content_blocks" ("id" bigserial primary key, "lesson_id" bigint NOT NULL, "block_type" character varying, "position" integer, "content" text, "created_at" timestamp(6) NOT NULL, "updated_at" timestamp(6) NOT NULL, CONSTRAINT "fk_rails_81e3aefd1d"
FOREIGN KEY ("lesson_id")
  REFERENCES "lessons" ("id")
) /*application='IdTool'*/[0m
  [1m[35m (3.3ms)[0m  [1m[35mCREATE INDEX "index_content_blocks_on_lesson_id" ON "content_blocks" ("lesson_id") /*application='IdTool'*/[0m
  [1m[36mActiveRecord::SchemaMigration Create (0.3ms)[0m  [1m[32mINSERT INTO "schema_migrations" ("version") VALUES ('20250910035132') RETURNING "version" /*application='IdTool'*/[0m
  [1m[36mTRANSACTION (1.1ms)[0m  [1m[35mCOMMIT /*application='IdTool'*/[0m
Migrating to CreateBlockTypes (20250910035138)
  [1m[36mTRANSACTION (0.4ms)[0m  [1m[35mBEGIN /*application='IdTool'*/[0m
  [1m[35m (7.1ms)[0m  [1m[35mCREATE TABLE "block_types" ("id" bigserial primary key, "name" character varying, "description" text, "config_schema" text, "created_at" timestamp(6) NOT NULL, "updated_at" timestamp(6) NOT NULL) /*application='IdTool'*/[0m
  [1m[36mActiveRecord::SchemaMigration Create (0.3ms)[0m  [1m[32mINSERT INTO "schema_migrations" ("version") VALUES ('20250910035138') RETURNING "version" /*application='IdTool'*/[0m
  [1m[36mTRANSACTION (1.4ms)[0m  [1m[35mCOMMIT /*application='IdTool'*/[0m
  [1m[35m (0.5ms)[0m  [1m[34mSELECT pg_advisory_unlock(6388366487330033745) /*application='IdTool'*/[0m
  [1m[36mActiveRecord::SchemaMigration Load (0.2ms)[0m  [1m[34mSELECT "schema_migrations"."version" FROM "schema_migrations" ORDER BY "schema_migrations"."version" ASC /*application='IdTool'*/[0m
  [1m[36mActiveRecord::SchemaMigration Load (0.6ms)[0m  [1m[34mSELECT "schema_migrations"."version" FROM "schema_migrations" ORDER BY "schema_migrations"."version" ASC /*application='IdTool'*/[0m
  [1m[36mBlockType Load (0.5ms)[0m  [1m[34mSELECT "block_types".* FROM "block_types" WHERE "block_types"."name" = 'text' LIMIT 1 /*application='IdTool'*/[0m
  ↳ app/models/block_type.rb:68:in 'block in BlockType.seed_default_types'
  [1m[36mTRANSACTION (0.2ms)[0m  [1m[35mBEGIN /*application='IdTool'*/[0m
  ↳ app/models/block_type.rb:68:in 'block in BlockType.seed_default_types'
  [1m[36mBlockType Exists? (0.3ms)[0m  [1m[34mSELECT 1 AS one FROM "block_types" WHERE "block_types"."name" = 'text' LIMIT 1 /*application='IdTool'*/[0m
  ↳ app/models/block_type.rb:68:in 'block in BlockType.seed_default_types'
  [1m[36mBlockType Create (0.4ms)[0m  [1m[32mINSERT INTO "block_types" ("name", "description", "config_schema", "created_at", "updated_at") VALUES ('text', 'Rich text content with formatting options', '{"fields":[{"name":"text","type":"rich_text","required":true},{"name":"alignment","type":"select","options":["left","center","right"]}]}', '2025-09-10 03:55:36.313272', '2025-09-10 03:55:36.313272') RETURNING "id" /*application='IdTool'*/[0m
  ↳ app/models/block_type.rb:68:in 'block in BlockType.seed_default_types'
  [1m[36mTRANSACTION (1.2ms)[0m  [1m[35mCOMMIT /*application='IdTool'*/[0m
  ↳ app/models/block_type.rb:68:in 'block in BlockType.seed_default_types'
  [1m[36mBlockType Load (0.3ms)[0m  [1m[34mSELECT "block_types".* FROM "block_types" WHERE "block_types"."name" = 'media' LIMIT 1 /*application='IdTool'*/[0m
  ↳ app/models/block_type.rb:68:in 'block in BlockType.seed_default_types'
  [1m[36mTRANSACTION (0.2ms)[0m  [1m[35mBEGIN /*application='IdTool'*/[0m
  ↳ app/models/block_type.rb:68:in 'block in BlockType.seed_default_types'
  [1m[36mBlockType Exists? (1.1ms)[0m  [1m[34mSELECT 1 AS one FROM "block_types" WHERE "block_types"."name" = 'media' LIMIT 1 /*application='IdTool'*/[0m
  ↳ app/models/block_type.rb:68:in 'block in BlockType.seed_default_types'
  [1m[36mBlockType Create (0.2ms)[0m  [1m[32mINSERT INTO "block_types" ("name", "description", "config_schema", "created_at", "updated_at") VALUES ('media', 'Images, videos, and other media content', '{"fields":[{"name":"media_type","type":"select","options":["image","video","carousel"]},{"name":"url","type":"url","required":true},{"name":"alt_text","type":"text"}]}', '2025-09-10 03:55:36.320065', '2025-09-10 03:55:36.320065') RETURNING "id" /*application='IdTool'*/[0m
  ↳ app/models/block_type.rb:68:in 'block in BlockType.seed_default_types'
  [1m[36mTRANSACTION (0.8ms)[0m  [1m[35mCOMMIT /*application='IdTool'*/[0m
  ↳ app/models/block_type.rb:68:in 'block in BlockType.seed_default_types'
  [1m[36mBlockType Load (0.3ms)[0m  [1m[34mSELECT "block_types".* FROM "block_types" WHERE "block_types"."name" = 'interactive' LIMIT 1 /*application='IdTool'*/[0m
  ↳ app/models/block_type.rb:68:in 'block in BlockType.seed_default_types'
  [1m[36mTRANSACTION (0.2ms)[0m  [1m[35mBEGIN /*application='IdTool'*/[0m
  ↳ app/models/block_type.rb:68:in 'block in BlockType.seed_default_types'
  [1m[36mBlockType Exists? (1.1ms)[0m  [1m[34mSELECT 1 AS one FROM "block_types" WHERE "block_types"."name" = 'interactive' LIMIT 1 /*application='IdTool'*/[0m
  ↳ app/models/block_type.rb:68:in 'block in BlockType.seed_default_types'
  [1m[36mBlockType Create (0.3ms)[0m  [1m[32mINSERT INTO "block_types" ("name", "description", "config_schema", "created_at", "updated_at") VALUES ('interactive', 'Interactive elements like flashcards and sorting activities', '{"fields":[{"name":"interaction_type","type":"select","options":["flashcard","sorting","drag_drop"]},{"name":"data","type":"json","required":true}]}', '2025-09-10 03:55:36.326349', '2025-09-10 03:55:36.326349') RETURNING "id" /*application='IdTool'*/[0m
  ↳ app/models/block_type.rb:68:in 'block in BlockType.seed_default_types'
  [1m[36mTRANSACTION (0.8ms)[0m  [1m[35mCOMMIT /*application='IdTool'*/[0m
  ↳ app/models/block_type.rb:68:in 'block in BlockType.seed_default_types'
  [1m[36mBlockType Load (0.3ms)[0m  [1m[34mSELECT "block_types".* FROM "block_types" WHERE "block_types"."name" = 'assessment' LIMIT 1 /*application='IdTool'*/[0m
  ↳ app/models/block_type.rb:68:in 'block in BlockType.seed_default_types'
  [1m[36mTRANSACTION (0.1ms)[0m  [1m[35mBEGIN /*application='IdTool'*/[0m
  ↳ app/models/block_type.rb:68:in 'block in BlockType.seed_default_types'
  [1m[36mBlockType Exists? (1.3ms)[0m  [1m[34mSELECT 1 AS one FROM "block_types" WHERE "block_types"."name" = 'assessment' LIMIT 1 /*application='IdTool'*/[0m
  ↳ app/models/block_type.rb:68:in 'block in BlockType.seed_default_types'
  [1m[36mBlockType Create (0.3ms)[0m  [1m[32mINSERT INTO "block_types" ("name", "description", "config_schema", "created_at", "updated_at") VALUES ('assessment', 'Formative assessment items like multiple choice and matching', '{"fields":[{"name":"question_type","type":"select","options":["multiple_choice","multiple_select","matching","true_false"]},{"name":"question","type":"text","required":true},{"name":"options","type":"json","required":true},{"name":"correct_answer","type":"json","required":true}]}', '2025-09-10 03:55:36.332165', '2025-09-10 03:55:36.332165') RETURNING "id" /*application='IdTool'*/[0m
  ↳ app/models/block_type.rb:68:in 'block in BlockType.seed_default_types'
  [1m[36mTRANSACTION (0.9ms)[0m  [1m[35mCOMMIT /*application='IdTool'*/[0m
  ↳ app/models/block_type.rb:68:in 'block in BlockType.seed_default_types'
  [1m[36mActiveRecord::SchemaMigration Load (0.5ms)[0m  [1m[34mSELECT "schema_migrations"."version" FROM "schema_migrations" ORDER BY "schema_migrations"."version" ASC /*application='IdTool'*/[0m
  [1m[36mBlockType Load (0.3ms)[0m  [1m[34mSELECT "block_types".* FROM "block_types" WHERE "block_types"."name" = 'text' LIMIT 1 /*application='IdTool'*/[0m
  ↳ app/models/block_type.rb:68:in 'block in BlockType.seed_default_types'
  [1m[36mBlockType Load (0.3ms)[0m  [1m[34mSELECT "block_types".* FROM "block_types" WHERE "block_types"."name" = 'media' LIMIT 1 /*application='IdTool'*/[0m
  ↳ app/models/block_type.rb:68:in 'block in BlockType.seed_default_types'
  [1m[36mBlockType Load (0.3ms)[0m  [1m[34mSELECT "block_types".* FROM "block_types" WHERE "block_types"."name" = 'interactive' LIMIT 1 /*application='IdTool'*/[0m
  ↳ app/models/block_type.rb:68:in 'block in BlockType.seed_default_types'
  [1m[36mBlockType Load (0.1ms)[0m  [1m[34mSELECT "block_types".* FROM "block_types" WHERE "block_types"."name" = 'assessment' LIMIT 1 /*application='IdTool'*/[0m
  ↳ app/models/block_type.rb:68:in 'block in BlockType.seed_default_types'
  [1m[36mTRANSACTION (0.2ms)[0m  [1m[35mBEGIN /*application='IdTool'*/[0m
  [1m[36mCourse Create (1.4ms)[0m  [1m[32mINSERT INTO "courses" ("title", "description", "status", "created_at", "updated_at") VALUES ('Sample Instructional Design Course', 'This is a sample course to demonstrate the ID-tool functionality.', 0, '2025-09-10 03:56:40.987829', '2025-09-10 03:56:40.987829') RETURNING "id" /*application='IdTool'*/[0m
  [1m[36mTRANSACTION (1.3ms)[0m  [1m[35mCOMMIT /*application='IdTool'*/[0m
  [1m[36mTRANSACTION (0.2ms)[0m  [1m[35mBEGIN /*application='IdTool'*/[0m
  [1m[36mLesson Exists? (1.8ms)[0m  [1m[34mSELECT 1 AS one FROM "lessons" WHERE "lessons"."position" = 1 AND "lessons"."course_id" = 1 LIMIT 1 /*application='IdTool'*/[0m
  [1m[36mLesson Create (0.6ms)[0m  [1m[32mINSERT INTO "lessons" ("course_id", "title", "lesson_type", "position", "created_at", "updated_at") VALUES (1, 'Introduction to Instructional Design', 0, 1, '2025-09-10 03:56:41.016969', '2025-09-10 03:56:41.016969') RETURNING "id" /*application='IdTool'*/[0m
  [1m[36mTRANSACTION (0.8ms)[0m  [1m[35mCOMMIT /*application='IdTool'*/[0m
  [1m[36mTRANSACTION (0.1ms)[0m  [1m[35mBEGIN /*application='IdTool'*/[0m
  [1m[36mLesson Exists? (0.9ms)[0m  [1m[34mSELECT 1 AS one FROM "lessons" WHERE "lessons"."position" = 2 AND "lessons"."course_id" = 1 LIMIT 1 /*application='IdTool'*/[0m
  [1m[36mLesson Create (0.2ms)[0m  [1m[32mINSERT INTO "lessons" ("course_id", "title", "lesson_type", "position", "created_at", "updated_at") VALUES (1, 'Learning Objectives Quiz', 1, 2, '2025-09-10 03:56:41.022243', '2025-09-10 03:56:41.022243') RETURNING "id" /*application='IdTool'*/[0m
  [1m[36mTRANSACTION (0.8ms)[0m  [1m[35mCOMMIT /*application='IdTool'*/[0m
  [1m[36mTRANSACTION (0.2ms)[0m  [1m[35mBEGIN /*application='IdTool'*/[0m
  [1m[36mContentBlock Exists? (1.4ms)[0m  [1m[34mSELECT 1 AS one FROM "content_blocks" WHERE "content_blocks"."position" = 1 AND "content_blocks"."lesson_id" = 1 LIMIT 1 /*application='IdTool'*/[0m
  [1m[36mContentBlock Create (0.6ms)[0m  [1m[32mINSERT INTO "content_blocks" ("lesson_id", "block_type", "position", "content", "created_at", "updated_at") VALUES (1, 'text', 1, '{"text":"\u003ch1\u003eWelcome to Instructional Design\u003c/h1\u003e\u003cp\u003eThis is a \u003cstrong\u003esample course\u003c/strong\u003e created with the ID-tool.\u003c/p\u003e","alignment":"left"}', '2025-09-10 03:56:41.033218', '2025-09-10 03:56:41.033218') RETURNING "id" /*application='IdTool'*/[0m
  [1m[36mTRANSACTION (0.8ms)[0m  [1m[35mCOMMIT /*application='IdTool'*/[0m
  [1m[36mTRANSACTION (0.1ms)[0m  [1m[35mBEGIN /*application='IdTool'*/[0m
  [1m[36mContentBlock Exists? (1.1ms)[0m  [1m[34mSELECT 1 AS one FROM "content_blocks" WHERE "content_blocks"."position" = 2 AND "content_blocks"."lesson_id" = 1 LIMIT 1 /*application='IdTool'*/[0m
  [1m[36mContentBlock Create (0.3ms)[0m  [1m[32mINSERT INTO "content_blocks" ("lesson_id", "block_type", "position", "content", "created_at", "updated_at") VALUES (1, 'media', 2, '{"media_type":"image","url":"https://via.placeholder.com/600x300","alt_text":"Sample instructional design image"}', '2025-09-10 03:56:41.038705', '2025-09-10 03:56:41.038705') RETURNING "id" /*application='IdTool'*/[0m
  [1m[36mTRANSACTION (0.8ms)[0m  [1m[35mCOMMIT /*application='IdTool'*/[0m
  [1m[36mTRANSACTION (0.1ms)[0m  [1m[35mBEGIN /*application='IdTool'*/[0m
  [1m[36mContentBlock Exists? (1.2ms)[0m  [1m[34mSELECT 1 AS one FROM "content_blocks" WHERE "content_blocks"."position" = 1 AND "content_blocks"."lesson_id" = 2 LIMIT 1 /*application='IdTool'*/[0m
  [1m[36mContentBlock Create (0.3ms)[0m  [1m[32mINSERT INTO "content_blocks" ("lesson_id", "block_type", "position", "content", "created_at", "updated_at") VALUES (2, 'assessment', 1, '{"question_type":"multiple_choice","question":"What is the primary goal of instructional design?","options":["To create engaging content","To facilitate learning","To use technology effectively","To reduce training costs"],"correct_answer":1}', '2025-09-10 03:56:41.043950', '2025-09-10 03:56:41.043950') RETURNING "id" /*application='IdTool'*/[0m
  [1m[36mTRANSACTION (0.8ms)[0m  [1m[35mCOMMIT /*application='IdTool'*/[0m
